<?xml version="1.0" encoding="UTF-8"?>
<testsuite name="com.example.crudapp.CrudappApplicationTests" tests="1" skipped="0" failures="0" errors="0" timestamp="2024-12-09T17:01:53" hostname="DESKTOP-VLTO8T2" time="2.174">
  <properties/>
  <testcase name="contextLoads()" classname="com.example.crudapp.CrudappApplicationTests" time="2.174"/>
  <system-out><![CDATA[22:31:48.826 [Test worker] INFO org.springframework.test.context.support.AnnotationConfigContextLoaderUtils -- Could not detect default configuration classes for test class [com.example.crudapp.CrudappApplicationTests]: CrudappApplicationTests does not declare any static, non-private, non-final, nested classes annotated with @Configuration.
22:31:49.117 [Test worker] INFO org.springframework.boot.test.context.SpringBootTestContextBootstrapper -- Found @SpringBootConfiguration com.example.crudapp.CrudappApplication for test class com.example.crudapp.CrudappApplicationTests

  .   ____          _            __ _ _
 /\\ / ___'_ __ _ _(_)_ __  __ _ \ \ \ \
( ( )\___ | '_ | '_| | '_ \/ _` | \ \ \ \
 \\/  ___)| |_)| | | | | || (_| |  ) ) ) )
  '  |____| .__|_| |_|_| |_\__, | / / / /
 =========|_|==============|___/=/_/_/_/

 :: Spring Boot ::                (v3.4.0)

2024-12-09T22:31:50.358+05:30  INFO 3040 --- [crudapp] [    Test worker] c.e.crudapp.CrudappApplicationTests      : Starting CrudappApplicationTests using Java 21 with PID 3040 (started by AQU in C:\Users\AQU\Downloads\crudapp\crudapp)
2024-12-09T22:31:50.362+05:30  INFO 3040 --- [crudapp] [    Test worker] c.e.crudapp.CrudappApplicationTests      : No active profile set, falling back to 1 default profile: "default"
2024-12-09T22:31:53.859+05:30  INFO 3040 --- [crudapp] [    Test worker] c.e.crudapp.CrudappApplicationTests      : Started CrudappApplicationTests in 4.275 seconds (process running for 8.411)
]]></system-out>
  <system-err><![CDATA[Mockito is currently self-attaching to enable the inline-mock-maker. This will no longer work in future releases of the JDK. Please add Mockito as an agent to your build what is described in Mockito's documentation: https://javadoc.io/doc/org.mockito/mockito-core/latest/org/mockito/Mockito.html#0.3
WARNING: A Java agent has been loaded dynamically (C:\Users\AQU\.gradle\caches\modules-2\files-2.1\net.bytebuddy\byte-buddy-agent\1.15.10\e8eb255b2c378b9a6c7341e7b0e12f0a5636377\byte-buddy-agent-1.15.10.jar)
WARNING: If a serviceability tool is in use, please run with -XX:+EnableDynamicAgentLoading to hide this warning
WARNING: If a serviceability tool is not in use, please run with -Djdk.instrument.traceUsage for more information
WARNING: Dynamic loading of agents will be disallowed by default in a future release
]]></system-err>
</testsuite>
